<html>
<head>
<title>TestNG:  Test</title>
<link href="../testng.css" rel="stylesheet" type="text/css" />
<link href="../my-testng.css" rel="stylesheet" type="text/css" />

<style type="text/css">
.log { display: none;} 
.stack-trace { display: none;} 
</style>
<script type="text/javascript">
<!--
function flip(e) {
  current = e.style.display;
  if (current == 'block') {
    e.style.display = 'none';
    return 0;
  }
  else {
    e.style.display = 'block';
    return 1;
  }
}

function toggleBox(szDivId, elem, msg1, msg2)
{
  var res = -1;  if (document.getElementById) {
    res = flip(document.getElementById(szDivId));
  }
  else if (document.all) {
    // this is the way old msie versions work
    res = flip(document.all[szDivId]);
  }
  if(elem) {
    if(res == 0) elem.innerHTML = msg1; else elem.innerHTML = msg2;
  }

}

function toggleAllBoxes() {
  if (document.getElementsByTagName) {
    d = document.getElementsByTagName('div');
    for (i = 0; i < d.length; i++) {
      if (d[i].className == 'log') {
        flip(d[i]);
      }
    }
  }
}

// -->
</script>

</head>
<body>
<h2 align='center'>Test</h2><table border='1' align="center">
<tr>
<td>Tests passed/Failed/Skipped:</td><td>6/0/2</td>
</tr><tr>
<td>Started on:</td><td>Thu Oct 03 13:03:01 IST 2024</td>
</tr>
<tr><td>Total time:</td><td>138 seconds (138067 ms)</td>
</tr><tr>
<td>Included groups:</td><td></td>
</tr><tr>
<td>Excluded groups:</td><td></td>
</tr>
</table><p/>
<small><i>(Hover the method name to see the test class name)</i></small><p/>
<table width='100%' border='1' class='invocation-passed'>
<tr><td colspan='4' align='center'><b>PASSED TESTS</b></td></tr>
<tr><td><b>Test method</b></td>
<td><b>Attribute(s)</b></td>
<td width="30%"><b>Exception</b></td>
<td width="10%"><b>Time (seconds)</b></td>
<td><b>Instance</b></td>
</tr>
<tr>
<td title='SeleniumPackage1.Seleniumproject1.Login_to_Amazon.loginAmz()'><b>loginAmz</b><br>Test class: SeleniumPackage1.Seleniumproject1.Login_to_Amazon<br>Parameters: 9873733935, Rj@003037<br/>
<a href="#Output-1709317347" onClick='toggleBox("Output-1709317347", this, "Show output", "Hide output");'>Show output</a>

<a href="#Output-1709317347" onClick="toggleAllBoxes();">Show all outputs</a>
<div class='log' id="Output-1709317347">
TestCase is passed<br/>
</div>
</td>
<td></td>
<td>6</td>
<td>SeleniumPackage1.Seleniumproject1.Login_to_Amazon@8458f04</td></tr>
<tr>
<td title='SeleniumPackage1.Seleniumproject1.SearchWithFilters.searchFilters()'><b>searchFilters</b><br>Test class: SeleniumPackage1.Seleniumproject1.SearchWithFilters<br>Parameters: shoes<br/>
<a href="#Output-463759298" onClick='toggleBox("Output-463759298", this, "Show output", "Hide output");'>Show output</a>

<a href="#Output-463759298" onClick="toggleAllBoxes();">Show all outputs</a>
<div class='log' id="Output-463759298">
TestCase is passed<br/>
</div>
</td>
<td></td>
<td>10</td>
<td>SeleniumPackage1.Seleniumproject1.SearchWithFilters@68c9133c</td></tr>
<tr>
<td title='SeleniumPackage1.Seleniumproject1.ProductDetails.verifyProdDetails()'><b>verifyProdDetails</b><br>Test class: SeleniumPackage1.Seleniumproject1.ProductDetails<br>Parameters: iphone 15 pro<br/>
<a href="#Output-194318210" onClick='toggleBox("Output-194318210", this, "Show output", "Hide output");'>Show output</a>

<a href="#Output-194318210" onClick="toggleAllBoxes();">Show all outputs</a>
<div class='log' id="Output-194318210">
TestCase is passed<br/>
</div>
</td>
<td></td>
<td>8</td>
<td>SeleniumPackage1.Seleniumproject1.ProductDetails@5e2c3d18</td></tr>
<tr>
<td title='SeleniumPackage1.Seleniumproject1.SearchProduct.searchPRo()'><b>searchPRo</b><br>Test class: SeleniumPackage1.Seleniumproject1.SearchProduct<br>Parameters: shoes<br/>
<a href="#Output-1799431661" onClick='toggleBox("Output-1799431661", this, "Show output", "Hide output");'>Show output</a>

<a href="#Output-1799431661" onClick="toggleAllBoxes();">Show all outputs</a>
<div class='log' id="Output-1799431661">
TestCase is passed<br/>
</div>
</td>
<td></td>
<td>6</td>
<td>SeleniumPackage1.Seleniumproject1.SearchProduct@7a35b0f5</td></tr>
<tr>
<td title='SeleniumPackage1.Seleniumproject1.InvalidCredsofLogin.unsuccesfulLogin()'><b>unsuccesfulLogin</b><br>Test class: SeleniumPackage1.Seleniumproject1.InvalidCredsofLogin<br>Parameters: 9873733936, 123Rj@42323<br/>
<a href="#Output-1244211620" onClick='toggleBox("Output-1244211620", this, "Show output", "Hide output");'>Show output</a>

<a href="#Output-1244211620" onClick="toggleAllBoxes();">Show all outputs</a>
<div class='log' id="Output-1244211620">
TestCase is passed<br/>
</div>
</td>
<td></td>
<td>4</td>
<td>SeleniumPackage1.Seleniumproject1.InvalidCredsofLogin@48075da3</td></tr>
<tr>
<td title='SeleniumPackage1.Seleniumproject1.Resgistartion_to_Amazon.creating_new_account()'><b>creating_new_account</b><br>Test class: SeleniumPackage1.Seleniumproject1.Resgistartion_to_Amazon<br>Parameters: Rohit, 9873733905, Rj@003037<br/>
<a href="#Output-386040589" onClick='toggleBox("Output-386040589", this, "Show output", "Hide output");'>Show output</a>

<a href="#Output-386040589" onClick="toggleAllBoxes();">Show all outputs</a>
<div class='log' id="Output-386040589">
TestCase is passed<br/>
</div>
</td>
<td></td>
<td>8</td>
<td>SeleniumPackage1.Seleniumproject1.Resgistartion_to_Amazon@4b741d6d</td></tr>
</table><p>
<table width='100%' border='1' class='invocation-skipped'>
<tr><td colspan='4' align='center'><b>SKIPPED TESTS</b></td></tr>
<tr><td><b>Test method</b></td>
<td><b>Attribute(s)</b></td>
<td width="30%"><b>Exception</b></td>
<td width="10%"><b>Time (seconds)</b></td>
<td><b>Instance</b></td>
</tr>
<tr>
<td title='SeleniumPackage1.Seleniumproject1.Resgistartion_to_Amazon.creating_new_account()'><b>creating_new_account</b><br>Test class: SeleniumPackage1.Seleniumproject1.Resgistartion_to_Amazon<br>Parameters: Rohit, 9873733905, Rj@003037</td>
<td><div><pre>java.lang.AssertionError: expected [Authentication required] but found [Amazon Registration]
	at SeleniumPackage1.Seleniumproject1.Resgistartion_to_Amazon.creating_new_account(Resgistartion_to_Amazon.java:33)
	at java.base/java.util.ArrayList.forEach(ArrayList.java:1597)
... Removed 35 stack frames</pre></div><a href='#' onClick='toggleBox("stack-trace1983706553", this, "Click to show all stack frames", "Click to hide stack frames")'>Click to show all stack frames</a>
<div class='stack-trace' id='stack-trace1983706553'><pre>java.lang.AssertionError: expected [Authentication required] but found [Amazon Registration]
	at org.testng.Assert.fail(Assert.java:111)
	at org.testng.Assert.failNotEquals(Assert.java:1578)
	at org.testng.Assert.assertEqualsImpl(Assert.java:150)
	at org.testng.Assert.assertEquals(Assert.java:132)
	at org.testng.Assert.assertEquals(Assert.java:656)
	at org.testng.Assert.assertEquals(Assert.java:666)
	at SeleniumPackage1.Seleniumproject1.Resgistartion_to_Amazon.creating_new_account(Resgistartion_to_Amazon.java:33)
	at java.base/jdk.internal.reflect.DirectMethodHandleAccessor.invoke(DirectMethodHandleAccessor.java:103)
	at java.base/java.lang.reflect.Method.invoke(Method.java:580)
	at org.testng.internal.invokers.MethodInvocationHelper.invokeMethod(MethodInvocationHelper.java:141)
	at org.testng.internal.invokers.TestInvoker.invokeMethod(TestInvoker.java:686)
	at org.testng.internal.invokers.TestInvoker.invokeTestMethod(TestInvoker.java:230)
	at org.testng.internal.invokers.MethodRunner.runInSequence(MethodRunner.java:63)
	at org.testng.internal.invokers.TestInvoker$MethodInvocationAgent.invoke(TestInvoker.java:992)
	at org.testng.internal.invokers.TestInvoker.invokeTestMethods(TestInvoker.java:203)
	at org.testng.internal.invokers.TestMethodWorker.invokeTestMethods(TestMethodWorker.java:154)
	at org.testng.internal.invokers.TestMethodWorker.run(TestMethodWorker.java:134)
	at java.base/java.util.ArrayList.forEach(ArrayList.java:1597)
	at org.testng.TestRunner.privateRun(TestRunner.java:739)
	at org.testng.TestRunner.run(TestRunner.java:614)
	at org.testng.SuiteRunner.runTest(SuiteRunner.java:421)
	at org.testng.SuiteRunner.runSequentially(SuiteRunner.java:413)
	at org.testng.SuiteRunner.privateRun(SuiteRunner.java:373)
	at org.testng.SuiteRunner.run(SuiteRunner.java:312)
	at org.testng.SuiteRunnerWorker.runSuite(SuiteRunnerWorker.java:52)
	at org.testng.SuiteRunnerWorker.run(SuiteRunnerWorker.java:95)
	at org.testng.TestNG.runSuitesSequentially(TestNG.java:1274)
	at org.testng.TestNG.runSuitesLocally(TestNG.java:1208)
	at org.testng.TestNG.runSuites(TestNG.java:1112)
	at org.testng.TestNG.run(TestNG.java:1079)
	at org.apache.maven.surefire.testng.TestNGExecutor.run(TestNGExecutor.java:324)
	at org.apache.maven.surefire.testng.TestNGXmlTestSuite.execute(TestNGXmlTestSuite.java:74)
	at org.apache.maven.surefire.testng.TestNGProvider.invoke(TestNGProvider.java:123)
	at org.apache.maven.surefire.booter.ForkedBooter.runSuitesInProcess(ForkedBooter.java:456)
	at org.apache.maven.surefire.booter.ForkedBooter.execute(ForkedBooter.java:169)
	at org.apache.maven.surefire.booter.ForkedBooter.run(ForkedBooter.java:595)
	at org.apache.maven.surefire.booter.ForkedBooter.main(ForkedBooter.java:581)
</pre></div></td>
<td>4</td>
<td>SeleniumPackage1.Seleniumproject1.Resgistartion_to_Amazon@4b741d6d</td></tr>
<tr>
<td title='SeleniumPackage1.Seleniumproject1.SearchWithFilters.searchFilters()'><b>searchFilters</b><br>Test class: SeleniumPackage1.Seleniumproject1.SearchWithFilters<br>Parameters: shoes</td>
<td><div><pre>java.lang.NullPointerException: Cannot invoke &quot;org.openqa.selenium.WebDriver.getClass()&quot; because &quot;exceptionDriver&quot; is null
	at org.openqa.selenium.support.ui.WebDriverWait.timeoutException(WebDriverWait.java:85)
	at org.openqa.selenium.support.ui.FluentWait.until(FluentWait.java:228)
	at SeleniumPackage1.Seleniumproject1.Amz_SearchResult.click_brandfilter(Amz_SearchResult.java:50)
	at SeleniumPackage1.Seleniumproject1.SearchWithFilters.searchFilters(SearchWithFilters.java:17)
	at java.base/java.util.ArrayList.forEach(ArrayList.java:1597)
... Removed 29 stack frames</pre></div><a href='#' onClick='toggleBox("stack-trace1142931081", this, "Click to show all stack frames", "Click to hide stack frames")'>Click to show all stack frames</a>
<div class='stack-trace' id='stack-trace1142931081'><pre>java.lang.NullPointerException: Cannot invoke &quot;org.openqa.selenium.WebDriver.getClass()&quot; because &quot;exceptionDriver&quot; is null
	at org.openqa.selenium.support.ui.WebDriverWait.timeoutException(WebDriverWait.java:85)
	at org.openqa.selenium.support.ui.FluentWait.until(FluentWait.java:228)
	at SeleniumPackage1.Seleniumproject1.Amz_SearchResult.click_brandfilter(Amz_SearchResult.java:50)
	at SeleniumPackage1.Seleniumproject1.SearchWithFilters.searchFilters(SearchWithFilters.java:17)
	at java.base/jdk.internal.reflect.DirectMethodHandleAccessor.invoke(DirectMethodHandleAccessor.java:103)
	at java.base/java.lang.reflect.Method.invoke(Method.java:580)
	at org.testng.internal.invokers.MethodInvocationHelper.invokeMethod(MethodInvocationHelper.java:141)
	at org.testng.internal.invokers.TestInvoker.invokeMethod(TestInvoker.java:686)
	at org.testng.internal.invokers.TestInvoker.invokeTestMethod(TestInvoker.java:230)
	at org.testng.internal.invokers.MethodRunner.runInSequence(MethodRunner.java:63)
	at org.testng.internal.invokers.TestInvoker$MethodInvocationAgent.invoke(TestInvoker.java:992)
	at org.testng.internal.invokers.TestInvoker.invokeTestMethods(TestInvoker.java:203)
	at org.testng.internal.invokers.TestMethodWorker.invokeTestMethods(TestMethodWorker.java:154)
	at org.testng.internal.invokers.TestMethodWorker.run(TestMethodWorker.java:134)
	at java.base/java.util.ArrayList.forEach(ArrayList.java:1597)
	at org.testng.TestRunner.privateRun(TestRunner.java:739)
	at org.testng.TestRunner.run(TestRunner.java:614)
	at org.testng.SuiteRunner.runTest(SuiteRunner.java:421)
	at org.testng.SuiteRunner.runSequentially(SuiteRunner.java:413)
	at org.testng.SuiteRunner.privateRun(SuiteRunner.java:373)
	at org.testng.SuiteRunner.run(SuiteRunner.java:312)
	at org.testng.SuiteRunnerWorker.runSuite(SuiteRunnerWorker.java:52)
	at org.testng.SuiteRunnerWorker.run(SuiteRunnerWorker.java:95)
	at org.testng.TestNG.runSuitesSequentially(TestNG.java:1274)
	at org.testng.TestNG.runSuitesLocally(TestNG.java:1208)
	at org.testng.TestNG.runSuites(TestNG.java:1112)
	at org.testng.TestNG.run(TestNG.java:1079)
	at org.apache.maven.surefire.testng.TestNGExecutor.run(TestNGExecutor.java:324)
	at org.apache.maven.surefire.testng.TestNGXmlTestSuite.execute(TestNGXmlTestSuite.java:74)
	at org.apache.maven.surefire.testng.TestNGProvider.invoke(TestNGProvider.java:123)
	at org.apache.maven.surefire.booter.ForkedBooter.runSuitesInProcess(ForkedBooter.java:456)
	at org.apache.maven.surefire.booter.ForkedBooter.execute(ForkedBooter.java:169)
	at org.apache.maven.surefire.booter.ForkedBooter.run(ForkedBooter.java:595)
	at org.apache.maven.surefire.booter.ForkedBooter.main(ForkedBooter.java:581)
</pre></div></td>
<td>18</td>
<td>SeleniumPackage1.Seleniumproject1.SearchWithFilters@68c9133c</td></tr>
</table><p>
</body>
</html>