<?xml version="1.0" encoding="UTF-8"?>
<testng-results retried="2" ignored="2" total="10" passed="6" failed="0" skipped="0">
  <reporter-output>
    <line>
      <![CDATA[TestCase is passed]]>
    </line>
    <line>
      <![CDATA[TestCase is passed]]>
    </line>
    <line>
      <![CDATA[TestCase is passed]]>
    </line>
    <line>
      <![CDATA[TestCase is passed]]>
    </line>
    <line>
      <![CDATA[TestCase is passed]]>
    </line>
    <line>
      <![CDATA[TestCase is passed]]>
    </line>
  </reporter-output>
  <suite started-at="2024-10-03T11:13:44 IST" name="Suite" finished-at="2024-10-03T11:14:53 IST" duration-ms="69235">
    <groups>
    </groups>
    <test started-at="2024-10-03T11:13:44 IST" name="Test" finished-at="2024-10-03T11:14:53 IST" duration-ms="69235">
      <class name="SeleniumPackage1.Seleniumproject1.ProductDetails">
        <test-method is-config="true" signature="launchAmazon()[pri:0, instance:SeleniumPackage1.Seleniumproject1.ProductDetails@5e2c3d18]" started-at="2024-10-03T11:14:46 IST" name="launchAmazon" finished-at="2024-10-03T11:14:48 IST" duration-ms="2208" status="PASS">
          <reporter-output>
          </reporter-output>
        </test-method> <!-- launchAmazon -->
        <test-method signature="verifyProdDetails(java.lang.String)[pri:0, instance:SeleniumPackage1.Seleniumproject1.ProductDetails@5e2c3d18]" started-at="2024-10-03T11:14:48 IST" name="verifyProdDetails" data-provider="inputs" finished-at="2024-10-03T11:14:53 IST" duration-ms="5201" status="PASS">
          <params>
            <param index="0">
              <value>
                <![CDATA[iphone 15 pro]]>
              </value>
            </param>
          </params>
          <reporter-output>
            <line>
              <![CDATA[TestCase is passed]]>
            </line>
          </reporter-output>
        </test-method> <!-- verifyProdDetails -->
        <test-method is-config="true" signature="tearDown()[pri:0, instance:SeleniumPackage1.Seleniumproject1.ProductDetails@5e2c3d18]" started-at="2024-10-03T11:14:53 IST" name="tearDown" finished-at="2024-10-03T11:14:53 IST" duration-ms="175" status="PASS">
          <reporter-output>
          </reporter-output>
        </test-method> <!-- tearDown -->
      </class> <!-- SeleniumPackage1.Seleniumproject1.ProductDetails -->
      <class name="SeleniumPackage1.Seleniumproject1.SearchProduct">
        <test-method is-config="true" signature="launchAmazon()[pri:0, instance:SeleniumPackage1.Seleniumproject1.SearchProduct@7a35b0f5]" started-at="2024-10-03T11:14:40 IST" name="launchAmazon" finished-at="2024-10-03T11:14:42 IST" duration-ms="2262" status="PASS">
          <reporter-output>
          </reporter-output>
        </test-method> <!-- launchAmazon -->
        <test-method signature="searchPRo(java.lang.String)[pri:0, instance:SeleniumPackage1.Seleniumproject1.SearchProduct@7a35b0f5]" started-at="2024-10-03T11:14:42 IST" name="searchPRo" data-provider="inputs" finished-at="2024-10-03T11:14:45 IST" duration-ms="2781" status="PASS">
          <params>
            <param index="0">
              <value>
                <![CDATA[shoes]]>
              </value>
            </param>
          </params>
          <reporter-output>
            <line>
              <![CDATA[TestCase is passed]]>
            </line>
          </reporter-output>
        </test-method> <!-- searchPRo -->
        <test-method is-config="true" signature="tearDown()[pri:0, instance:SeleniumPackage1.Seleniumproject1.SearchProduct@7a35b0f5]" started-at="2024-10-03T11:14:45 IST" name="tearDown" finished-at="2024-10-03T11:14:46 IST" duration-ms="173" status="PASS">
          <reporter-output>
          </reporter-output>
        </test-method> <!-- tearDown -->
      </class> <!-- SeleniumPackage1.Seleniumproject1.SearchProduct -->
      <class name="SeleniumPackage1.Seleniumproject1.Resgistartion_to_Amazon">
        <test-method is-config="true" signature="launchAmazon()[pri:0, instance:SeleniumPackage1.Seleniumproject1.Resgistartion_to_Amazon@4b741d6d]" started-at="2024-10-03T11:13:45 IST" name="launchAmazon" finished-at="2024-10-03T11:13:47 IST" duration-ms="2641" status="PASS">
          <reporter-output>
          </reporter-output>
        </test-method> <!-- launchAmazon -->
        <test-method signature="creating_new_account(java.lang.String,java.lang.String,java.lang.String)[pri:0, instance:SeleniumPackage1.Seleniumproject1.Resgistartion_to_Amazon@4b741d6d]" started-at="2024-10-03T11:13:47 IST" name="creating_new_account" data-provider="inputs" finished-at="2024-10-03T11:13:51 IST" duration-ms="3432" status="PASS">
          <params>
            <param index="0">
              <value>
                <![CDATA[Rohit]]>
              </value>
            </param>
            <param index="1">
              <value>
                <![CDATA[9873733905]]>
              </value>
            </param>
            <param index="2">
              <value>
                <![CDATA[Rj@003037]]>
              </value>
            </param>
          </params>
          <reporter-output>
            <line>
              <![CDATA[TestCase is passed]]>
            </line>
          </reporter-output>
        </test-method> <!-- creating_new_account -->
        <test-method is-config="true" signature="tearDown()[pri:0, instance:SeleniumPackage1.Seleniumproject1.Resgistartion_to_Amazon@4b741d6d]" started-at="2024-10-03T11:13:51 IST" name="tearDown" finished-at="2024-10-03T11:13:51 IST" duration-ms="155" status="PASS">
          <reporter-output>
          </reporter-output>
        </test-method> <!-- tearDown -->
      </class> <!-- SeleniumPackage1.Seleniumproject1.Resgistartion_to_Amazon -->
      <class name="SeleniumPackage1.Seleniumproject1.Login_to_Amazon">
        <test-method is-config="true" signature="launchAmazon()[pri:0, instance:SeleniumPackage1.Seleniumproject1.Login_to_Amazon@8458f04]" started-at="2024-10-03T11:13:51 IST" name="launchAmazon" finished-at="2024-10-03T11:13:53 IST" duration-ms="2362" status="PASS">
          <reporter-output>
          </reporter-output>
        </test-method> <!-- launchAmazon -->
        <test-method signature="loginAmz(java.lang.String,java.lang.String)[pri:0, instance:SeleniumPackage1.Seleniumproject1.Login_to_Amazon@8458f04]" started-at="2024-10-03T11:13:53 IST" name="loginAmz" data-provider="inputs" finished-at="2024-10-03T11:13:57 IST" duration-ms="4088" status="PASS">
          <params>
            <param index="0">
              <value>
                <![CDATA[9873733935]]>
              </value>
            </param>
            <param index="1">
              <value>
                <![CDATA[Rj@003037]]>
              </value>
            </param>
          </params>
          <reporter-output>
            <line>
              <![CDATA[TestCase is passed]]>
            </line>
          </reporter-output>
        </test-method> <!-- loginAmz -->
        <test-method is-config="true" signature="tearDown()[pri:0, instance:SeleniumPackage1.Seleniumproject1.Login_to_Amazon@8458f04]" started-at="2024-10-03T11:13:58 IST" name="tearDown" finished-at="2024-10-03T11:13:58 IST" duration-ms="199" status="PASS">
          <reporter-output>
          </reporter-output>
        </test-method> <!-- tearDown -->
      </class> <!-- SeleniumPackage1.Seleniumproject1.Login_to_Amazon -->
      <class name="SeleniumPackage1.Seleniumproject1.InvalidCredsofLogin">
        <test-method is-config="true" signature="launchAmazon()[pri:0, instance:SeleniumPackage1.Seleniumproject1.InvalidCredsofLogin@48075da3]" started-at="2024-10-03T11:13:58 IST" name="launchAmazon" finished-at="2024-10-03T11:14:00 IST" duration-ms="2343" status="PASS">
          <reporter-output>
          </reporter-output>
        </test-method> <!-- launchAmazon -->
        <test-method signature="unsuccesfulLogin(java.lang.String,java.lang.String)[pri:0, instance:SeleniumPackage1.Seleniumproject1.InvalidCredsofLogin@48075da3]" started-at="2024-10-03T11:14:00 IST" name="unsuccesfulLogin" data-provider="inputs" finished-at="2024-10-03T11:14:04 IST" duration-ms="3273" status="PASS">
          <params>
            <param index="0">
              <value>
                <![CDATA[9873733936]]>
              </value>
            </param>
            <param index="1">
              <value>
                <![CDATA[123Rj@42323]]>
              </value>
            </param>
          </params>
          <reporter-output>
            <line>
              <![CDATA[TestCase is passed]]>
            </line>
          </reporter-output>
        </test-method> <!-- unsuccesfulLogin -->
        <test-method is-config="true" signature="tearDown()[pri:0, instance:SeleniumPackage1.Seleniumproject1.InvalidCredsofLogin@48075da3]" started-at="2024-10-03T11:14:04 IST" name="tearDown" finished-at="2024-10-03T11:14:04 IST" duration-ms="173" status="PASS">
          <reporter-output>
          </reporter-output>
        </test-method> <!-- tearDown -->
      </class> <!-- SeleniumPackage1.Seleniumproject1.InvalidCredsofLogin -->
      <class name="SeleniumPackage1.Seleniumproject1.SearchWithFilters">
        <test-method is-config="true" signature="launchAmazon()[pri:0, instance:SeleniumPackage1.Seleniumproject1.SearchWithFilters@68c9133c]" started-at="2024-10-03T11:14:04 IST" name="launchAmazon" finished-at="2024-10-03T11:14:06 IST" duration-ms="2236" status="PASS">
          <reporter-output>
          </reporter-output>
        </test-method> <!-- launchAmazon -->
        <test-method retried="true" signature="searchFilters(java.lang.String)[pri:0, instance:SeleniumPackage1.Seleniumproject1.SearchWithFilters@68c9133c]" started-at="2024-10-03T11:14:06 IST" name="searchFilters" data-provider="inputs" finished-at="2024-10-03T11:14:24 IST" duration-ms="17995" status="SKIP">
          <params>
            <param index="0">
              <value>
                <![CDATA[shoes]]>
              </value>
            </param>
          </params>
          <exception class="java.lang.NullPointerException">
            <message>
              <![CDATA[Cannot invoke "org.openqa.selenium.WebDriver.getClass()" because "exceptionDriver" is null]]>
            </message>
            <full-stacktrace>
              <![CDATA[java.lang.NullPointerException: Cannot invoke "org.openqa.selenium.WebDriver.getClass()" because "exceptionDriver" is null
at org.openqa.selenium.support.ui.WebDriverWait.timeoutException(WebDriverWait.java:85)
at org.openqa.selenium.support.ui.FluentWait.until(FluentWait.java:228)
at SeleniumPackage1.Seleniumproject1.Amz_SearchResult.click_brandfilter(Amz_SearchResult.java:50)
at SeleniumPackage1.Seleniumproject1.SearchWithFilters.searchFilters(SearchWithFilters.java:17)
at java.base/jdk.internal.reflect.DirectMethodHandleAccessor.invoke(DirectMethodHandleAccessor.java:103)
at java.base/java.lang.reflect.Method.invoke(Method.java:580)
at org.testng.internal.invokers.MethodInvocationHelper.invokeMethod(MethodInvocationHelper.java:141)
at org.testng.internal.invokers.TestInvoker.invokeMethod(TestInvoker.java:686)
at org.testng.internal.invokers.TestInvoker.invokeTestMethod(TestInvoker.java:230)
at org.testng.internal.invokers.MethodRunner.runInSequence(MethodRunner.java:63)
at org.testng.internal.invokers.TestInvoker$MethodInvocationAgent.invoke(TestInvoker.java:992)
at org.testng.internal.invokers.TestInvoker.invokeTestMethods(TestInvoker.java:203)
at org.testng.internal.invokers.TestMethodWorker.invokeTestMethods(TestMethodWorker.java:154)
at org.testng.internal.invokers.TestMethodWorker.run(TestMethodWorker.java:134)
at java.base/java.util.ArrayList.forEach(ArrayList.java:1597)
at org.testng.TestRunner.privateRun(TestRunner.java:739)
at org.testng.TestRunner.run(TestRunner.java:614)
at org.testng.SuiteRunner.runTest(SuiteRunner.java:421)
at org.testng.SuiteRunner.runSequentially(SuiteRunner.java:413)
at org.testng.SuiteRunner.privateRun(SuiteRunner.java:373)
at org.testng.SuiteRunner.run(SuiteRunner.java:312)
at org.testng.SuiteRunnerWorker.runSuite(SuiteRunnerWorker.java:52)
at org.testng.SuiteRunnerWorker.run(SuiteRunnerWorker.java:95)
at org.testng.TestNG.runSuitesSequentially(TestNG.java:1274)
at org.testng.TestNG.runSuitesLocally(TestNG.java:1208)
at org.testng.TestNG.runSuites(TestNG.java:1112)
at org.testng.TestNG.run(TestNG.java:1079)
at org.apache.maven.surefire.testng.TestNGExecutor.run(TestNGExecutor.java:324)
at org.apache.maven.surefire.testng.TestNGXmlTestSuite.execute(TestNGXmlTestSuite.java:74)
at org.apache.maven.surefire.testng.TestNGProvider.invoke(TestNGProvider.java:123)
at org.apache.maven.surefire.booter.ForkedBooter.runSuitesInProcess(ForkedBooter.java:456)
at org.apache.maven.surefire.booter.ForkedBooter.execute(ForkedBooter.java:169)
at org.apache.maven.surefire.booter.ForkedBooter.run(ForkedBooter.java:595)
at org.apache.maven.surefire.booter.ForkedBooter.main(ForkedBooter.java:581)
]]>
            </full-stacktrace>
          </exception> <!-- java.lang.NullPointerException -->
          <reporter-output>
          </reporter-output>
        </test-method> <!-- searchFilters -->
        <test-method is-config="true" signature="tearDown()[pri:0, instance:SeleniumPackage1.Seleniumproject1.SearchWithFilters@68c9133c]" started-at="2024-10-03T11:14:24 IST" name="tearDown" finished-at="2024-10-03T11:14:24 IST" duration-ms="233" status="PASS">
          <reporter-output>
          </reporter-output>
        </test-method> <!-- tearDown -->
        <test-method is-config="true" signature="launchAmazon()[pri:0, instance:SeleniumPackage1.Seleniumproject1.SearchWithFilters@68c9133c]" started-at="2024-10-03T11:14:24 IST" name="launchAmazon" finished-at="2024-10-03T11:14:27 IST" duration-ms="2346" status="PASS">
          <reporter-output>
          </reporter-output>
        </test-method> <!-- launchAmazon -->
        <test-method retried="true" signature="searchFilters(java.lang.String)[pri:0, instance:SeleniumPackage1.Seleniumproject1.SearchWithFilters@68c9133c]" started-at="2024-10-03T11:14:27 IST" name="searchFilters" data-provider="inputs" finished-at="2024-10-03T11:14:31 IST" duration-ms="4121" status="SKIP">
          <params>
            <param index="0">
              <value>
                <![CDATA[shoes]]>
              </value>
            </param>
          </params>
          <exception class="org.openqa.selenium.ElementNotInteractableException">
            <message>
              <![CDATA[element not interactable: element has zero size
  (Session info: chrome=129.0.6668.60)
Build info: version: '4.25.0', revision: '8a8aea2337'
System info: os.name: 'Windows 11', os.arch: 'amd64', os.version: '10.0', java.version: '22.0.1'
Driver info: org.openqa.selenium.chrome.ChromeDriver
Command: [0745fe9fa7e7e979c7b4ce9cb200e361, clickElement {id=f.FAC88BD1D39F2699142609E3B8DA888C.d.A3983B53D90C1AEF1FE668257ED98275.e.269}]
Capabilities {acceptInsecureCerts: false, browserName: chrome, browserVersion: 129.0.6668.60, chrome: {chromedriverVersion: 129.0.6668.89 (951c0b97221f..., userDataDir: C:\Users\ROHIT~1.JOS\AppDat...}, fedcm:accounts: true, goog:chromeOptions: {debuggerAddress: localhost:54964}, networkConnectionEnabled: false, pageLoadStrategy: normal, platformName: windows, proxy: Proxy(), se:cdp: ws://localhost:54964/devtoo..., se:cdpVersion: 129.0.6668.60, setWindowRect: true, strictFileInteractability: false, timeouts: {implicit: 0, pageLoad: 300000, script: 30000}, unhandledPromptBehavior: dismiss and notify, webauthn:extension:credBlob: true, webauthn:extension:largeBlob: true, webauthn:extension:minPinLength: true, webauthn:extension:prf: true, webauthn:virtualAuthenticators: true}
Element: [[ChromeDriver: chrome on windows (0745fe9fa7e7e979c7b4ce9cb200e361)] -> xpath: (//a[@class='a-link-normal s-navigation-item'])[15]]
Session ID: 0745fe9fa7e7e979c7b4ce9cb200e361]]>
            </message>
            <full-stacktrace>
              <![CDATA[org.openqa.selenium.ElementNotInteractableException: element not interactable: element has zero size
  (Session info: chrome=129.0.6668.60)
Build info: version: '4.25.0', revision: '8a8aea2337'
System info: os.name: 'Windows 11', os.arch: 'amd64', os.version: '10.0', java.version: '22.0.1'
Driver info: org.openqa.selenium.chrome.ChromeDriver
Command: [0745fe9fa7e7e979c7b4ce9cb200e361, clickElement {id=f.FAC88BD1D39F2699142609E3B8DA888C.d.A3983B53D90C1AEF1FE668257ED98275.e.269}]
Capabilities {acceptInsecureCerts: false, browserName: chrome, browserVersion: 129.0.6668.60, chrome: {chromedriverVersion: 129.0.6668.89 (951c0b97221f..., userDataDir: C:\Users\ROHIT~1.JOS\AppDat...}, fedcm:accounts: true, goog:chromeOptions: {debuggerAddress: localhost:54964}, networkConnectionEnabled: false, pageLoadStrategy: normal, platformName: windows, proxy: Proxy(), se:cdp: ws://localhost:54964/devtoo..., se:cdpVersion: 129.0.6668.60, setWindowRect: true, strictFileInteractability: false, timeouts: {implicit: 0, pageLoad: 300000, script: 30000}, unhandledPromptBehavior: dismiss and notify, webauthn:extension:credBlob: true, webauthn:extension:largeBlob: true, webauthn:extension:minPinLength: true, webauthn:extension:prf: true, webauthn:virtualAuthenticators: true}
Element: [[ChromeDriver: chrome on windows (0745fe9fa7e7e979c7b4ce9cb200e361)] -> xpath: (//a[@class='a-link-normal s-navigation-item'])[15]]
Session ID: 0745fe9fa7e7e979c7b4ce9cb200e361
at java.base/jdk.internal.reflect.DirectConstructorHandleAccessor.newInstance(DirectConstructorHandleAccessor.java:62)
at java.base/java.lang.reflect.Constructor.newInstanceWithCaller(Constructor.java:502)
at java.base/java.lang.reflect.Constructor.newInstance(Constructor.java:486)
at org.openqa.selenium.remote.ErrorCodec.decode(ErrorCodec.java:167)
at org.openqa.selenium.remote.codec.w3c.W3CHttpResponseCodec.decode(W3CHttpResponseCodec.java:138)
at org.openqa.selenium.remote.codec.w3c.W3CHttpResponseCodec.decode(W3CHttpResponseCodec.java:50)
at org.openqa.selenium.remote.HttpCommandExecutor.execute(HttpCommandExecutor.java:190)
at org.openqa.selenium.remote.service.DriverCommandExecutor.invokeExecute(DriverCommandExecutor.java:216)
at org.openqa.selenium.remote.service.DriverCommandExecutor.execute(DriverCommandExecutor.java:174)
at org.openqa.selenium.remote.RemoteWebDriver.execute(RemoteWebDriver.java:545)
at org.openqa.selenium.remote.RemoteWebElement.execute(RemoteWebElement.java:223)
at org.openqa.selenium.remote.RemoteWebElement.click(RemoteWebElement.java:76)
at java.base/jdk.internal.reflect.DirectMethodHandleAccessor.invoke(DirectMethodHandleAccessor.java:103)
at java.base/java.lang.reflect.Method.invoke(Method.java:580)
at org.openqa.selenium.support.pagefactory.internal.LocatingElementHandler.invoke(LocatingElementHandler.java:51)
at jdk.proxy2/jdk.proxy2.$Proxy12.click(Unknown Source)
at SeleniumPackage1.Seleniumproject1.Amz_SearchResult.click_brandfilter(Amz_SearchResult.java:51)
at SeleniumPackage1.Seleniumproject1.SearchWithFilters.searchFilters(SearchWithFilters.java:17)
at java.base/jdk.internal.reflect.DirectMethodHandleAccessor.invoke(DirectMethodHandleAccessor.java:103)
at java.base/java.lang.reflect.Method.invoke(Method.java:580)
at org.testng.internal.invokers.MethodInvocationHelper.invokeMethod(MethodInvocationHelper.java:141)
at org.testng.internal.invokers.TestInvoker.invokeMethod(TestInvoker.java:686)
at org.testng.internal.invokers.TestInvoker.retryFailed(TestInvoker.java:269)
at org.testng.internal.invokers.MethodRunner.runInSequence(MethodRunner.java:76)
at org.testng.internal.invokers.TestInvoker$MethodInvocationAgent.invoke(TestInvoker.java:992)
at org.testng.internal.invokers.TestInvoker.invokeTestMethods(TestInvoker.java:203)
at org.testng.internal.invokers.TestMethodWorker.invokeTestMethods(TestMethodWorker.java:154)
at org.testng.internal.invokers.TestMethodWorker.run(TestMethodWorker.java:134)
at java.base/java.util.ArrayList.forEach(ArrayList.java:1597)
at org.testng.TestRunner.privateRun(TestRunner.java:739)
at org.testng.TestRunner.run(TestRunner.java:614)
at org.testng.SuiteRunner.runTest(SuiteRunner.java:421)
at org.testng.SuiteRunner.runSequentially(SuiteRunner.java:413)
at org.testng.SuiteRunner.privateRun(SuiteRunner.java:373)
at org.testng.SuiteRunner.run(SuiteRunner.java:312)
at org.testng.SuiteRunnerWorker.runSuite(SuiteRunnerWorker.java:52)
at org.testng.SuiteRunnerWorker.run(SuiteRunnerWorker.java:95)
at org.testng.TestNG.runSuitesSequentially(TestNG.java:1274)
at org.testng.TestNG.runSuitesLocally(TestNG.java:1208)
at org.testng.TestNG.runSuites(TestNG.java:1112)
at org.testng.TestNG.run(TestNG.java:1079)
at org.apache.maven.surefire.testng.TestNGExecutor.run(TestNGExecutor.java:324)
at org.apache.maven.surefire.testng.TestNGXmlTestSuite.execute(TestNGXmlTestSuite.java:74)
at org.apache.maven.surefire.testng.TestNGProvider.invoke(TestNGProvider.java:123)
at org.apache.maven.surefire.booter.ForkedBooter.runSuitesInProcess(ForkedBooter.java:456)
at org.apache.maven.surefire.booter.ForkedBooter.execute(ForkedBooter.java:169)
at org.apache.maven.surefire.booter.ForkedBooter.run(ForkedBooter.java:595)
at org.apache.maven.surefire.booter.ForkedBooter.main(ForkedBooter.java:581)
]]>
            </full-stacktrace>
          </exception> <!-- org.openqa.selenium.ElementNotInteractableException -->
          <reporter-output>
          </reporter-output>
        </test-method> <!-- searchFilters -->
        <test-method is-config="true" signature="tearDown()[pri:0, instance:SeleniumPackage1.Seleniumproject1.SearchWithFilters@68c9133c]" started-at="2024-10-03T11:14:31 IST" name="tearDown" finished-at="2024-10-03T11:14:31 IST" duration-ms="193" status="PASS">
          <reporter-output>
          </reporter-output>
        </test-method> <!-- tearDown -->
        <test-method is-config="true" signature="launchAmazon()[pri:0, instance:SeleniumPackage1.Seleniumproject1.SearchWithFilters@68c9133c]" started-at="2024-10-03T11:14:31 IST" name="launchAmazon" finished-at="2024-10-03T11:14:33 IST" duration-ms="2221" status="PASS">
          <reporter-output>
          </reporter-output>
        </test-method> <!-- launchAmazon -->
        <test-method signature="searchFilters(java.lang.String)[pri:0, instance:SeleniumPackage1.Seleniumproject1.SearchWithFilters@68c9133c]" started-at="2024-10-03T11:14:33 IST" name="searchFilters" data-provider="inputs" finished-at="2024-10-03T11:14:40 IST" duration-ms="6517" status="PASS">
          <params>
            <param index="0">
              <value>
                <![CDATA[shoes]]>
              </value>
            </param>
          </params>
          <reporter-output>
            <line>
              <![CDATA[TestCase is passed]]>
            </line>
          </reporter-output>
        </test-method> <!-- searchFilters -->
        <test-method is-config="true" signature="tearDown()[pri:0, instance:SeleniumPackage1.Seleniumproject1.SearchWithFilters@68c9133c]" started-at="2024-10-03T11:14:40 IST" name="tearDown" finished-at="2024-10-03T11:14:40 IST" duration-ms="174" status="PASS">
          <reporter-output>
          </reporter-output>
        </test-method> <!-- tearDown -->
      </class> <!-- SeleniumPackage1.Seleniumproject1.SearchWithFilters -->
    </test> <!-- Test -->
  </suite> <!-- Suite -->
</testng-results>
